C:\Program Files\Java\jdk1.8.0_11\bin\javac.exe -verbose -encoding UTF-8 -source 1.8 -target 1.8 -d C:\Windows\Temp\TempJavaBuild_naH7WB\bin\ -g -nowarn  @C:\Windows\Temp\TempJavaBuild_naH7WB\sources.txt
[parsing started RegularFileObject[C:\Windows\Temp\TempJavaBuild_naH7WB\src\passwordGenerator\FileIO.java]]
[parsing completed 40ms]
[parsing started RegularFileObject[C:\Windows\Temp\TempJavaBuild_naH7WB\src\passwordGenerator\Language.java]]
[parsing completed 15ms]
[parsing started RegularFileObject[C:\Windows\Temp\TempJavaBuild_naH7WB\src\passwordGenerator\Main.java]]
[parsing completed 15ms]
[parsing started RegularFileObject[C:\Windows\Temp\TempJavaBuild_naH7WB\src\passwordGenerator\Password.java]]
[parsing completed 14ms]
[parsing started RegularFileObject[C:\Windows\Temp\TempJavaBuild_naH7WB\src\passwordGenerator\windows\JFrameAbout.java]]
[parsing completed 13ms]
[parsing started RegularFileObject[C:\Windows\Temp\TempJavaBuild_naH7WB\src\passwordGenerator\windows\JFrameChangeLog.java]]
[parsing completed 4ms]
[parsing started RegularFileObject[C:\Windows\Temp\TempJavaBuild_naH7WB\src\passwordGenerator\windows\JFrameCommandlineHelp.java]]
[parsing completed 2ms]
[parsing started RegularFileObject[C:\Windows\Temp\TempJavaBuild_naH7WB\src\passwordGenerator\windows\JFrameDownloadUpdate.java]]
[parsing completed 2ms]
[parsing started RegularFileObject[C:\Windows\Temp\TempJavaBuild_naH7WB\src\passwordGenerator\windows\JFrameMultiHash.java]]
[parsing completed 2ms]
[parsing started RegularFileObject[C:\Windows\Temp\TempJavaBuild_naH7WB\src\passwordGenerator\windows\JFrameNews.java]]
[parsing completed 2ms]
[parsing started RegularFileObject[C:\Windows\Temp\TempJavaBuild_naH7WB\src\passwordGenerator\windows\JFramePasswordGenerator.java]]
[parsing completed 9ms]
[search path for source files: .]
[search path for class files: C:\Program Files\Java\jdk1.8.0_11\jre\lib\resources.jar,C:\Program Files\Java\jdk1.8.0_11\jre\lib\rt.jar,C:\Program Files\Java\jdk1.8.0_11\jre\lib\sunrsasign.jar,C:\Program Files\Java\jdk1.8.0_11\jre\lib\jsse.jar,C:\Program Files\Java\jdk1.8.0_11\jre\lib\jce.jar,C:\Program Files\Java\jdk1.8.0_11\jre\lib\charsets.jar,C:\Program Files\Java\jdk1.8.0_11\jre\lib\jfr.jar,C:\Program Files\Java\jdk1.8.0_11\jre\classes,C:\Program Files\Java\jdk1.8.0_11\jre\lib\ext\access-bridge-64.jar,C:\Program Files\Java\jdk1.8.0_11\jre\lib\ext\cldrdata.jar,C:\Program Files\Java\jdk1.8.0_11\jre\lib\ext\dnsns.jar,C:\Program Files\Java\jdk1.8.0_11\jre\lib\ext\jaccess.jar,C:\Program Files\Java\jdk1.8.0_11\jre\lib\ext\jfxrt.jar,C:\Program Files\Java\jdk1.8.0_11\jre\lib\ext\localedata.jar,C:\Program Files\Java\jdk1.8.0_11\jre\lib\ext\nashorn.jar,C:\Program Files\Java\jdk1.8.0_11\jre\lib\ext\sunec.jar,C:\Program Files\Java\jdk1.8.0_11\jre\lib\ext\sunjce_provider.jar,C:\Program Files\Java\jdk1.8.0_11\jre\lib\ext\sunmscapi.jar,C:\Program Files\Java\jdk1.8.0_11\jre\lib\ext\sunpkcs11.jar,C:\Program Files\Java\jdk1.8.0_11\jre\lib\ext\zipfs.jar,.]
[loading ZipFileIndexFileObject[C:\Program Files\Java\jdk1.8.0_11\lib\ct.sym(META-INF/sym/rt.jar/java/io/BufferedWriter.class)]]
[loading ZipFileIndexFileObject[C:\Program Files\Java\jdk1.8.0_11\lib\ct.sym(META-INF/sym/rt.jar/java/io/File.class)]]
[loading ZipFileIndexFileObject[C:\Program Files\Java\jdk1.8.0_11\lib\ct.sym(META-INF/sym/rt.jar/java/io/FileWriter.class)]]
[loading ZipFileIndexFileObject[C:\Program Files\Java\jdk1.8.0_11\lib\ct.sym(META-INF/sym/rt.jar/java/io/IOException.class)]]
[loading ZipFileIndexFileObject[C:\Program Files\Java\jdk1.8.0_11\lib\ct.sym(META-INF/sym/rt.jar/java/util/LinkedList.class)]]
[loading ZipFileIndexFileObject[C:\Program Files\Java\jdk1.8.0_11\lib\ct.sym(META-INF/sym/rt.jar/java/lang/Object.class)]]
[loading ZipFileIndexFileObject[C:\Program Files\Java\jdk1.8.0_11\lib\ct.sym(META-INF/sym/rt.jar/java/lang/String.class)]]
[loading ZipFileIndexFileObject[C:\Program Files\Java\jdk1.8.0_11\lib\ct.sym(META-INF/sym/rt.jar/java/lang/Boolean.class)]]
[loading ZipFileIndexFileObject[C:\Program Files\Java\jdk1.8.0_11\lib\ct.sym(META-INF/sym/rt.jar/java/text/DecimalFormat.class)]]
[loading ZipFileIndexFileObject[C:\Program Files\Java\jdk1.8.0_11\lib\ct.sym(META-INF/sym/rt.jar/java/util/ArrayList.class)]]
[loading ZipFileIndexFileObject[C:\Program Files\Java\jdk1.8.0_11\lib\ct.sym(META-INF/sym/rt.jar/java/math/BigInteger.class)]]
[loading ZipFileIndexFileObject[C:\Program Files\Java\jdk1.8.0_11\lib\ct.sym(META-INF/sym/rt.jar/java/nio/ByteBuffer.class)]]
[loading ZipFileIndexFileObject[C:\Program Files\Java\jdk1.8.0_11\lib\ct.sym(META-INF/sym/rt.jar/java/security/MessageDigest.class)]]
[loading ZipFileIndexFileObject[C:\Program Files\Java\jdk1.8.0_11\lib\ct.sym(META-INF/sym/rt.jar/java/security/NoSuchAlgorithmException.class)]]
[loading ZipFileIndexFileObject[C:\Program Files\Java\jdk1.8.0_11\lib\ct.sym(META-INF/sym/rt.jar/java/security/SecureRandom.class)]]
[loading ZipFileIndexFileObject[C:\Program Files\Java\jdk1.8.0_11\lib\ct.sym(META-INF/sym/rt.jar/java/util/Random.class)]]
[loading ZipFileIndexFileObject[C:\Program Files\Java\jdk1.8.0_11\lib\ct.sym(META-INF/sym/rt.jar/java/lang/Exception.class)]]
[loading ZipFileIndexFileObject[C:\Program Files\Java\jdk1.8.0_11\lib\ct.sym(META-INF/sym/rt.jar/javax/swing/GroupLayout.class)]]
[loading ZipFileIndexFileObject[C:\Program Files\Java\jdk1.8.0_11\lib\ct.sym(META-INF/sym/rt.jar/javax/swing/GroupLayout$Alignment.class)]]
[loading ZipFileIndexFileObject[C:\Program Files\Java\jdk1.8.0_11\lib\ct.sym(META-INF/sym/rt.jar/javax/swing/LayoutStyle.class)]]
[loading ZipFileIndexFileObject[C:\Program Files\Java\jdk1.8.0_11\lib\ct.sym(META-INF/sym/rt.jar/javax/swing/LayoutStyle$ComponentPlacement.class)]]
[loading ZipFileIndexFileObject[C:\Program Files\Java\jdk1.8.0_11\lib\ct.sym(META-INF/sym/rt.jar/javax/swing/filechooser/FileNameExtensionFilter.class)]]
[loading ZipFileIndexFileObject[C:\Program Files\Java\jdk1.8.0_11\lib\ct.sym(META-INF/sym/rt.jar/javax/swing/table/DefaultTableModel.class)]]
[loading ZipFileIndexFileObject[C:\Program Files\Java\jdk1.8.0_11\lib\ct.sym(META-INF/sym/rt.jar/java/awt/datatransfer/StringSelection.class)]]
[loading ZipFileIndexFileObject[C:\Program Files\Java\jdk1.8.0_11\lib\ct.sym(META-INF/sym/rt.jar/java/awt/event/ActionEvent.class)]]
[loading ZipFileIndexFileObject[C:\Program Files\Java\jdk1.8.0_11\lib\ct.sym(META-INF/sym/rt.jar/java/awt/event/ActionListener.class)]]
[loading ZipFileIndexFileObject[C:\Program Files\Java\jdk1.8.0_11\lib\ct.sym(META-INF/sym/rt.jar/java/awt/event/MouseAdapter.class)]]
[loading ZipFileIndexFileObject[C:\Program Files\Java\jdk1.8.0_11\lib\ct.sym(META-INF/sym/rt.jar/java/awt/event/MouseEvent.class)]]
[loading ZipFileIndexFileObject[C:\Program Files\Java\jdk1.8.0_11\lib\ct.sym(META-INF/sym/rt.jar/java/io/BufferedReader.class)]]
[loading ZipFileIndexFileObject[C:\Program Files\Java\jdk1.8.0_11\lib\ct.sym(META-INF/sym/rt.jar/java/io/InputStreamReader.class)]]
[loading ZipFileIndexFileObject[C:\Program Files\Java\jdk1.8.0_11\lib\ct.sym(META-INF/sym/rt.jar/java/net/MalformedURLException.class)]]
[loading ZipFileIndexFileObject[C:\Program Files\Java\jdk1.8.0_11\lib\ct.sym(META-INF/sym/rt.jar/java/net/URL.class)]]
[loading ZipFileIndexFileObject[C:\Program Files\Java\jdk1.8.0_11\lib\ct.sym(META-INF/sym/rt.jar/java/net/UnknownHostException.class)]]
[loading ZipFileIndexFileObject[C:\Program Files\Java\jdk1.8.0_11\lib\ct.sym(META-INF/sym/rt.jar/javax/swing/JFrame.class)]]
[loading ZipFileIndexFileObject[C:\Program Files\Java\jdk1.8.0_11\lib\ct.sym(META-INF/sym/rt.jar/javax/swing/WindowConstants.class)]]
[loading ZipFileIndexFileObject[C:\Program Files\Java\jdk1.8.0_11\lib\ct.sym(META-INF/sym/rt.jar/javax/accessibility/Accessible.class)]]
[loading ZipFileIndexFileObject[C:\Program Files\Java\jdk1.8.0_11\lib\ct.sym(META-INF/sym/rt.jar/javax/swing/RootPaneContainer.class)]]
[loading ZipFileIndexFileObject[C:\Program Files\Java\jdk1.8.0_11\lib\ct.sym(META-INF/sym/rt.jar/javax/swing/TransferHandler.class)]]
[loading ZipFileIndexFileObject[C:\Program Files\Java\jdk1.8.0_11\lib\ct.sym(META-INF/sym/rt.jar/javax/swing/TransferHandler$HasGetTransferHandler.class)]]
[loading ZipFileIndexFileObject[C:\Program Files\Java\jdk1.8.0_11\lib\ct.sym(META-INF/sym/rt.jar/java/io/Serializable.class)]]
[loading ZipFileIndexFileObject[C:\Program Files\Java\jdk1.8.0_11\lib\ct.sym(META-INF/sym/rt.jar/java/awt/Frame.class)]]
[loading ZipFileIndexFileObject[C:\Program Files\Java\jdk1.8.0_11\lib\ct.sym(META-INF/sym/rt.jar/java/awt/MenuContainer.class)]]
[loading ZipFileIndexFileObject[C:\Program Files\Java\jdk1.8.0_11\lib\ct.sym(META-INF/sym/rt.jar/java/awt/Window.class)]]
[loading ZipFileIndexFileObject[C:\Program Files\Java\jdk1.8.0_11\lib\ct.sym(META-INF/sym/rt.jar/java/awt/Container.class)]]
[loading ZipFileIndexFileObject[C:\Program Files\Java\jdk1.8.0_11\lib\ct.sym(META-INF/sym/rt.jar/java/awt/Component.class)]]
[loading ZipFileIndexFileObject[C:\Program Files\Java\jdk1.8.0_11\lib\ct.sym(META-INF/sym/rt.jar/java/awt/image/ImageObserver.class)]]
[loading ZipFileIndexFileObject[C:\Program Files\Java\jdk1.8.0_11\lib\ct.sym(META-INF/sym/rt.jar/javax/swing/SwingWorker.class)]]
[loading ZipFileIndexFileObject[C:\Program Files\Java\jdk1.8.0_11\lib\ct.sym(META-INF/sym/rt.jar/java/lang/Void.class)]]
[loading ZipFileIndexFileObject[C:\Program Files\Java\jdk1.8.0_11\lib\ct.sym(META-INF/sym/rt.jar/javax/swing/JFileChooser.class)]]
[loading ZipFileIndexFileObject[C:\Program Files\Java\jdk1.8.0_11\lib\ct.sym(META-INF/sym/rt.jar/java/awt/Rectangle.class)]]
[loading ZipFileIndexFileObject[C:\Program Files\Java\jdk1.8.0_11\lib\ct.sym(META-INF/sym/rt.jar/javax/swing/JPopupMenu.class)]]
[loading ZipFileIndexFileObject[C:\Program Files\Java\jdk1.8.0_11\lib\ct.sym(META-INF/sym/rt.jar/javax/swing/JRadioButtonMenuItem.class)]]
[loading ZipFileIndexFileObject[C:\Program Files\Java\jdk1.8.0_11\lib\ct.sym(META-INF/sym/rt.jar/javax/swing/JTextField.class)]]
[loading ZipFileIndexFileObject[C:\Program Files\Java\jdk1.8.0_11\lib\ct.sym(META-INF/sym/rt.jar/javax/swing/JTable.class)]]
[loading ZipFileIndexFileObject[C:\Program Files\Java\jdk1.8.0_11\lib\ct.sym(META-INF/sym/rt.jar/javax/swing/JSpinner.class)]]
[loading ZipFileIndexFileObject[C:\Program Files\Java\jdk1.8.0_11\lib\ct.sym(META-INF/sym/rt.jar/javax/swing/JSlider.class)]]
[loading ZipFileIndexFileObject[C:\Program Files\Java\jdk1.8.0_11\lib\ct.sym(META-INF/sym/rt.jar/javax/swing/JScrollPane.class)]]
[loading ZipFileIndexFileObject[C:\Program Files\Java\jdk1.8.0_11\lib\ct.sym(META-INF/sym/rt.jar/javax/swing/JRadioButton.class)]]
[loading ZipFileIndexFileObject[C:\Program Files\Java\jdk1.8.0_11\lib\ct.sym(META-INF/sym/rt.jar/javax/swing/JProgressBar.class)]]
[loading ZipFileIndexFileObject[C:\Program Files\Java\jdk1.8.0_11\lib\ct.sym(META-INF/sym/rt.jar/javax/swing/JMenuItem.class)]]
[loading ZipFileIndexFileObject[C:\Program Files\Java\jdk1.8.0_11\lib\ct.sym(META-INF/sym/rt.jar/javax/swing/JMenuBar.class)]]
[loading ZipFileIndexFileObject[C:\Program Files\Java\jdk1.8.0_11\lib\ct.sym(META-INF/sym/rt.jar/javax/swing/JMenu.class)]]
[loading ZipFileIndexFileObject[C:\Program Files\Java\jdk1.8.0_11\lib\ct.sym(META-INF/sym/rt.jar/javax/swing/JLabel.class)]]
[loading ZipFileIndexFileObject[C:\Program Files\Java\jdk1.8.0_11\lib\ct.sym(META-INF/sym/rt.jar/javax/swing/JCheckBox.class)]]
[loading ZipFileIndexFileObject[C:\Program Files\Java\jdk1.8.0_11\lib\ct.sym(META-INF/sym/rt.jar/javax/swing/JButton.class)]]
[loading ZipFileIndexFileObject[C:\Program Files\Java\jdk1.8.0_11\lib\ct.sym(META-INF/sym/rt.jar/javax/swing/ButtonGroup.class)]]
[loading ZipFileIndexFileObject[C:\Program Files\Java\jdk1.8.0_11\lib\ct.sym(META-INF/sym/rt.jar/java/lang/Thread.class)]]
[loading ZipFileIndexFileObject[C:\Program Files\Java\jdk1.8.0_11\lib\ct.sym(META-INF/sym/rt.jar/java/lang/Runnable.class)]]
[loading ZipFileIndexFileObject[C:\Program Files\Java\jdk1.8.0_11\lib\ct.sym(META-INF/sym/rt.jar/java/lang/Enum.class)]]
[loading ZipFileIndexFileObject[C:\Program Files\Java\jdk1.8.0_11\lib\ct.sym(META-INF/sym/rt.jar/java/lang/Comparable.class)]]
[loading ZipFileIndexFileObject[C:\Program Files\Java\jdk1.8.0_11\lib\ct.sym(META-INF/sym/rt.jar/java/awt/Desktop.class)]]
[loading ZipFileIndexFileObject[C:\Program Files\Java\jdk1.8.0_11\lib\ct.sym(META-INF/sym/rt.jar/java/awt/Toolkit.class)]]
[loading ZipFileIndexFileObject[C:\Program Files\Java\jdk1.8.0_11\lib\ct.sym(META-INF/sym/rt.jar/java/net/URI.class)]]
[loading ZipFileIndexFileObject[C:\Program Files\Java\jdk1.8.0_11\lib\ct.sym(META-INF/sym/rt.jar/java/awt/Font.class)]]
[loading ZipFileIndexFileObject[C:\Program Files\Java\jdk1.8.0_11\lib\ct.sym(META-INF/sym/rt.jar/java/io/InputStream.class)]]
[loading ZipFileIndexFileObject[C:\Program Files\Java\jdk1.8.0_11\lib\ct.sym(META-INF/sym/rt.jar/java/net/URLConnection.class)]]
[loading ZipFileIndexFileObject[C:\Program Files\Java\jdk1.8.0_11\lib\ct.sym(META-INF/sym/rt.jar/javax/swing/ImageIcon.class)]]
[loading ZipFileIndexFileObject[C:\Program Files\Java\jdk1.8.0_11\lib\ct.sym(META-INF/sym/rt.jar/javax/swing/JOptionPane.class)]]
[loading ZipFileIndexFileObject[C:\Program Files\Java\jdk1.8.0_11\lib\ct.sym(META-INF/sym/rt.jar/javax/swing/JPanel.class)]]
[loading ZipFileIndexFileObject[C:\Program Files\Java\jdk1.8.0_11\lib\ct.sym(META-INF/sym/rt.jar/javax/swing/JTextArea.class)]]
[loading ZipFileIndexFileObject[C:\Program Files\Java\jdk1.8.0_11\lib\ct.sym(META-INF/sym/rt.jar/javax/swing/SwingConstants.class)]]
[loading ZipFileIndexFileObject[C:\Program Files\Java\jdk1.8.0_11\lib\ct.sym(META-INF/sym/rt.jar/javax/swing/border/EmptyBorder.class)]]
[loading ZipFileIndexFileObject[C:\Program Files\Java\jdk1.8.0_11\lib\ct.sym(META-INF/sym/rt.jar/java/util/concurrent/RunnableFuture.class)]]
[loading ZipFileIndexFileObject[C:\Program Files\Java\jdk1.8.0_11\lib\ct.sym(META-INF/sym/rt.jar/java/util/concurrent/Future.class)]]
[loading ZipFileIndexFileObject[C:\Program Files\Java\jdk1.8.0_11\lib\ct.sym(META-INF/sym/rt.jar/javax/swing/JTextPane.class)]]
[loading ZipFileIndexFileObject[C:\Program Files\Java\jdk1.8.0_11\lib\ct.sym(META-INF/sym/rt.jar/java/io/RandomAccessFile.class)]]
[loading ZipFileIndexFileObject[C:\Program Files\Java\jdk1.8.0_11\lib\ct.sym(META-INF/sym/rt.jar/javax/swing/DefaultComboBoxModel.class)]]
[loading ZipFileIndexFileObject[C:\Program Files\Java\jdk1.8.0_11\lib\ct.sym(META-INF/sym/rt.jar/javax/swing/JComboBox.class)]]
[loading ZipFileIndexFileObject[C:\Program Files\Java\jdk1.8.0_11\lib\ct.sym(META-INF/sym/rt.jar/javax/swing/SpinnerNumberModel.class)]]
[loading ZipFileIndexFileObject[C:\Program Files\Java\jdk1.8.0_11\lib\ct.sym(META-INF/sym/rt.jar/java/lang/InterruptedException.class)]]
[loading ZipFileIndexFileObject[C:\Program Files\Java\jdk1.8.0_11\lib\ct.sym(META-INF/sym/rt.jar/java/lang/SuppressWarnings.class)]]
[loading ZipFileIndexFileObject[C:\Program Files\Java\jdk1.8.0_11\lib\ct.sym(META-INF/sym/rt.jar/java/lang/annotation/Annotation.class)]]
[loading ZipFileIndexFileObject[C:\Program Files\Java\jdk1.8.0_11\lib\ct.sym(META-INF/sym/rt.jar/java/lang/Override.class)]]
[loading ZipFileIndexFileObject[C:\Program Files\Java\jdk1.8.0_11\lib\ct.sym(META-INF/sym/rt.jar/java/beans/ConstructorProperties.class)]]
[loading ZipFileIndexFileObject[C:\Program Files\Java\jdk1.8.0_11\lib\ct.sym(META-INF/sym/rt.jar/sun/misc/Contended.class)]]
[loading ZipFileIndexFileObject[C:\Program Files\Java\jdk1.8.0_11\lib\ct.sym(META-INF/sym/rt.jar/java/lang/annotation/Target.class)]]
[loading ZipFileIndexFileObject[C:\Program Files\Java\jdk1.8.0_11\lib\ct.sym(META-INF/sym/rt.jar/java/lang/annotation/ElementType.class)]]
[loading ZipFileIndexFileObject[C:\Program Files\Java\jdk1.8.0_11\lib\ct.sym(META-INF/sym/rt.jar/java/lang/annotation/Retention.class)]]
[loading ZipFileIndexFileObject[C:\Program Files\Java\jdk1.8.0_11\lib\ct.sym(META-INF/sym/rt.jar/java/lang/annotation/RetentionPolicy.class)]]
[checking passwordGenerator.FileIO]
[loading ZipFileIndexFileObject[C:\Program Files\Java\jdk1.8.0_11\lib\ct.sym(META-INF/sym/rt.jar/java/lang/AutoCloseable.class)]]
[loading ZipFileIndexFileObject[C:\Program Files\Java\jdk1.8.0_11\lib\ct.sym(META-INF/sym/rt.jar/java/util/Collection.class)]]
[loading ZipFileIndexFileObject[C:\Program Files\Java\jdk1.8.0_11\lib\ct.sym(META-INF/sym/rt.jar/java/lang/Byte.class)]]
[loading ZipFileIndexFileObject[C:\Program Files\Java\jdk1.8.0_11\lib\ct.sym(META-INF/sym/rt.jar/java/lang/Character.class)]]
[loading ZipFileIndexFileObject[C:\Program Files\Java\jdk1.8.0_11\lib\ct.sym(META-INF/sym/rt.jar/java/lang/Short.class)]]
[loading ZipFileIndexFileObject[C:\Program Files\Java\jdk1.8.0_11\lib\ct.sym(META-INF/sym/rt.jar/java/lang/Long.class)]]
[loading ZipFileIndexFileObject[C:\Program Files\Java\jdk1.8.0_11\lib\ct.sym(META-INF/sym/rt.jar/java/lang/Float.class)]]
[loading ZipFileIndexFileObject[C:\Program Files\Java\jdk1.8.0_11\lib\ct.sym(META-INF/sym/rt.jar/java/lang/Integer.class)]]
[loading ZipFileIndexFileObject[C:\Program Files\Java\jdk1.8.0_11\lib\ct.sym(META-INF/sym/rt.jar/java/lang/Double.class)]]
[loading ZipFileIndexFileObject[C:\Program Files\Java\jdk1.8.0_11\lib\ct.sym(META-INF/sym/rt.jar/javax/swing/JComponent.class)]]
[loading ZipFileIndexFileObject[C:\Program Files\Java\jdk1.8.0_11\lib\ct.sym(META-INF/sym/rt.jar/java/util/AbstractSequentialList.class)]]
[loading ZipFileIndexFileObject[C:\Program Files\Java\jdk1.8.0_11\lib\ct.sym(META-INF/sym/rt.jar/java/util/AbstractList.class)]]
[loading ZipFileIndexFileObject[C:\Program Files\Java\jdk1.8.0_11\lib\ct.sym(META-INF/sym/rt.jar/java/util/AbstractCollection.class)]]
[loading ZipFileIndexFileObject[C:\Program Files\Java\jdk1.8.0_11\lib\ct.sym(META-INF/sym/rt.jar/java/util/List.class)]]
[loading ZipFileIndexFileObject[C:\Program Files\Java\jdk1.8.0_11\lib\ct.sym(META-INF/sym/rt.jar/java/lang/Iterable.class)]]
[loading ZipFileIndexFileObject[C:\Program Files\Java\jdk1.8.0_11\lib\ct.sym(META-INF/sym/rt.jar/java/util/Deque.class)]]
[loading ZipFileIndexFileObject[C:\Program Files\Java\jdk1.8.0_11\lib\ct.sym(META-INF/sym/rt.jar/java/util/Queue.class)]]
[loading ZipFileIndexFileObject[C:\Program Files\Java\jdk1.8.0_11\lib\ct.sym(META-INF/sym/rt.jar/java/lang/Cloneable.class)]]
[loading ZipFileIndexFileObject[C:\Program Files\Java\jdk1.8.0_11\lib\ct.sym(META-INF/sym/rt.jar/java/lang/Throwable.class)]]
[loading ZipFileIndexFileObject[C:\Program Files\Java\jdk1.8.0_11\lib\ct.sym(META-INF/sym/rt.jar/java/io/OutputStreamWriter.class)]]
[loading ZipFileIndexFileObject[C:\Program Files\Java\jdk1.8.0_11\lib\ct.sym(META-INF/sym/rt.jar/java/io/Writer.class)]]
[loading ZipFileIndexFileObject[C:\Program Files\Java\jdk1.8.0_11\lib\ct.sym(META-INF/sym/rt.jar/java/lang/Appendable.class)]]
[loading ZipFileIndexFileObject[C:\Program Files\Java\jdk1.8.0_11\lib\ct.sym(META-INF/sym/rt.jar/java/io/Closeable.class)]]
[loading ZipFileIndexFileObject[C:\Program Files\Java\jdk1.8.0_11\lib\ct.sym(META-INF/sym/rt.jar/java/io/Flushable.class)]]
[loading ZipFileIndexFileObject[C:\Program Files\Java\jdk1.8.0_11\lib\ct.sym(META-INF/sym/rt.jar/java/lang/CharSequence.class)]]
[loading ZipFileIndexFileObject[C:\Program Files\Java\jdk1.8.0_11\lib\ct.sym(META-INF/sym/rt.jar/java/lang/Error.class)]]
[loading ZipFileIndexFileObject[C:\Program Files\Java\jdk1.8.0_11\lib\ct.sym(META-INF/sym/rt.jar/java/awt/HeadlessException.class)]]
[loading ZipFileIndexFileObject[C:\Program Files\Java\jdk1.8.0_11\lib\ct.sym(META-INF/sym/rt.jar/java/lang/UnsupportedOperationException.class)]]
[loading ZipFileIndexFileObject[C:\Program Files\Java\jdk1.8.0_11\lib\ct.sym(META-INF/sym/rt.jar/java/lang/RuntimeException.class)]]
[loading ZipFileIndexFileObject[C:\Program Files\Java\jdk1.8.0_11\lib\ct.sym(META-INF/sym/rt.jar/java/lang/StringBuilder.class)]]
[loading ZipFileIndexFileObject[C:\Program Files\Java\jdk1.8.0_11\lib\ct.sym(META-INF/sym/rt.jar/java/lang/AbstractStringBuilder.class)]]
[loading ZipFileIndexFileObject[C:\Program Files\Java\jdk1.8.0_11\lib\ct.sym(META-INF/sym/rt.jar/java/lang/StringBuffer.class)]]
[wrote RegularFileObject[C:\Windows\Temp\TempJavaBuild_naH7WB\bin\passwordGenerator\FileIO.class]]
[checking passwordGenerator.Language]
[wrote RegularFileObject[C:\Windows\Temp\TempJavaBuild_naH7WB\bin\passwordGenerator\Language.class]]
[checking passwordGenerator.Password]
[loading ZipFileIndexFileObject[C:\Program Files\Java\jdk1.8.0_11\lib\ct.sym(META-INF/sym/rt.jar/java/lang/CloneNotSupportedException.class)]]
[loading ZipFileIndexFileObject[C:\Program Files\Java\jdk1.8.0_11\lib\ct.sym(META-INF/sym/rt.jar/java/lang/Class.class)]]
[loading ZipFileIndexFileObject[C:\Program Files\Java\jdk1.8.0_11\lib\ct.sym(META-INF/sym/rt.jar/java/security/MessageDigestSpi.class)]]
[loading ZipFileIndexFileObject[C:\Program Files\Java\jdk1.8.0_11\lib\ct.sym(META-INF/sym/rt.jar/java/security/GeneralSecurityException.class)]]
[loading ZipFileIndexFileObject[C:\Program Files\Java\jdk1.8.0_11\lib\ct.sym(META-INF/sym/rt.jar/java/lang/System.class)]]
[loading ZipFileIndexFileObject[C:\Program Files\Java\jdk1.8.0_11\lib\ct.sym(META-INF/sym/rt.jar/java/io/PrintStream.class)]]
[loading ZipFileIndexFileObject[C:\Program Files\Java\jdk1.8.0_11\lib\ct.sym(META-INF/sym/rt.jar/java/io/FilterOutputStream.class)]]
[loading ZipFileIndexFileObject[C:\Program Files\Java\jdk1.8.0_11\lib\ct.sym(META-INF/sym/rt.jar/java/io/OutputStream.class)]]
[loading ZipFileIndexFileObject[C:\Program Files\Java\jdk1.8.0_11\lib\ct.sym(META-INF/sym/rt.jar/java/lang/Number.class)]]
[loading ZipFileIndexFileObject[C:\Program Files\Java\jdk1.8.0_11\lib\ct.sym(META-INF/sym/rt.jar/java/nio/Buffer.class)]]
[wrote RegularFileObject[C:\Windows\Temp\TempJavaBuild_naH7WB\bin\passwordGenerator\Password$Hash.class]]
[wrote RegularFileObject[C:\Windows\Temp\TempJavaBuild_naH7WB\bin\passwordGenerator\Password.class]]
[checking passwordGenerator.Main]
[loading ZipFileIndexFileObject[C:\Program Files\Java\jdk1.8.0_11\lib\ct.sym(META-INF/sym/rt.jar/javax/swing/UIManager.class)]]
[loading ZipFileIndexFileObject[C:\Program Files\Java\jdk1.8.0_11\lib\ct.sym(META-INF/sym/rt.jar/javax/swing/UIManager$LookAndFeelInfo.class)]]
[loading ZipFileIndexFileObject[C:\Program Files\Java\jdk1.8.0_11\lib\ct.sym(META-INF/sym/rt.jar/javax/swing/LookAndFeel.class)]]
[loading ZipFileIndexFileObject[C:\Program Files\Java\jdk1.8.0_11\lib\ct.sym(META-INF/sym/rt.jar/java/text/NumberFormat.class)]]
[loading ZipFileIndexFileObject[C:\Program Files\Java\jdk1.8.0_11\lib\ct.sym(META-INF/sym/rt.jar/java/text/Format.class)]]
[loading ZipFileIndexFileObject[C:\Program Files\Java\jdk1.8.0_11\lib\ct.sym(META-INF/sym/rt.jar/java/text/DecimalFormatSymbols.class)]]
[loading ZipFileIndexFileObject[C:\Program Files\Java\jdk1.8.0_11\lib\ct.sym(META-INF/sym/rt.jar/java/util/RandomAccess.class)]]
[loading ZipFileIndexFileObject[C:\Program Files\Java\jdk1.8.0_11\lib\ct.sym(META-INF/sym/rt.jar/java/lang/NumberFormatException.class)]]
[loading ZipFileIndexFileObject[C:\Program Files\Java\jdk1.8.0_11\lib\ct.sym(META-INF/sym/rt.jar/java/lang/IllegalArgumentException.class)]]
[loading ZipFileIndexFileObject[C:\Program Files\Java\jdk1.8.0_11\lib\ct.sym(META-INF/sym/rt.jar/java/lang/ClassNotFoundException.class)]]
[loading ZipFileIndexFileObject[C:\Program Files\Java\jdk1.8.0_11\lib\ct.sym(META-INF/sym/rt.jar/java/lang/ReflectiveOperationException.class)]]
[loading ZipFileIndexFileObject[C:\Program Files\Java\jdk1.8.0_11\lib\ct.sym(META-INF/sym/rt.jar/java/lang/InstantiationException.class)]]
[loading ZipFileIndexFileObject[C:\Program Files\Java\jdk1.8.0_11\lib\ct.sym(META-INF/sym/rt.jar/java/lang/IllegalAccessException.class)]]
[loading ZipFileIndexFileObject[C:\Program Files\Java\jdk1.8.0_11\lib\ct.sym(META-INF/sym/rt.jar/javax/swing/UnsupportedLookAndFeelException.class)]]
[loading ZipFileIndexFileObject[C:\Program Files\Java\jdk1.8.0_11\lib\ct.sym(META-INF/sym/rt.jar/java/util/Iterator.class)]]
[wrote RegularFileObject[C:\Windows\Temp\TempJavaBuild_naH7WB\bin\passwordGenerator\Main$Worker.class]]
[wrote RegularFileObject[C:\Windows\Temp\TempJavaBuild_naH7WB\bin\passwordGenerator\Main.class]]
[checking passwordGenerator.windows.JFramePasswordGenerator]
[loading ZipFileIndexFileObject[C:\Program Files\Java\jdk1.8.0_11\lib\ct.sym(META-INF/sym/rt.jar/javax/swing/JToggleButton.class)]]
[loading ZipFileIndexFileObject[C:\Program Files\Java\jdk1.8.0_11\lib\ct.sym(META-INF/sym/rt.jar/javax/swing/AbstractButton.class)]]
[loading ZipFileIndexFileObject[C:\Program Files\Java\jdk1.8.0_11\lib\ct.sym(META-INF/sym/rt.jar/java/awt/ItemSelectable.class)]]
[loading ZipFileIndexFileObject[C:\Program Files\Java\jdk1.8.0_11\lib\ct.sym(META-INF/sym/rt.jar/java/awt/Cursor.class)]]
[loading ZipFileIndexFileObject[C:\Program Files\Java\jdk1.8.0_11\lib\ct.sym(META-INF/sym/rt.jar/java/awt/event/MouseListener.class)]]
[loading ZipFileIndexFileObject[C:\Program Files\Java\jdk1.8.0_11\lib\ct.sym(META-INF/sym/rt.jar/java/util/EventListener.class)]]
[loading ZipFileIndexFileObject[C:\Program Files\Java\jdk1.8.0_11\lib\ct.sym(META-INF/sym/rt.jar/java/awt/event/MouseWheelListener.class)]]
[loading ZipFileIndexFileObject[C:\Program Files\Java\jdk1.8.0_11\lib\ct.sym(META-INF/sym/rt.jar/java/awt/event/MouseMotionListener.class)]]
[loading ZipFileIndexFileObject[C:\Program Files\Java\jdk1.8.0_11\lib\ct.sym(META-INF/sym/rt.jar/javax/swing/text/JTextComponent.class)]]
[loading ZipFileIndexFileObject[C:\Program Files\Java\jdk1.8.0_11\lib\ct.sym(META-INF/sym/rt.jar/javax/swing/Scrollable.class)]]
[loading ZipFileIndexFileObject[C:\Program Files\Java\jdk1.8.0_11\lib\ct.sym(META-INF/sym/rt.jar/javax/swing/MenuElement.class)]]
[loading ZipFileIndexFileObject[C:\Program Files\Java\jdk1.8.0_11\lib\ct.sym(META-INF/sym/rt.jar/javax/swing/event/ChangeListener.class)]]
[loading ZipFileIndexFileObject[C:\Program Files\Java\jdk1.8.0_11\lib\ct.sym(META-INF/sym/rt.jar/javax/swing/event/ChangeEvent.class)]]
[loading ZipFileIndexFileObject[C:\Program Files\Java\jdk1.8.0_11\lib\ct.sym(META-INF/sym/rt.jar/java/awt/event/InputEvent.class)]]
[loading ZipFileIndexFileObject[C:\Program Files\Java\jdk1.8.0_11\lib\ct.sym(META-INF/sym/rt.jar/java/awt/event/ComponentEvent.class)]]
[loading ZipFileIndexFileObject[C:\Program Files\Java\jdk1.8.0_11\lib\ct.sym(META-INF/sym/rt.jar/java/awt/AWTEvent.class)]]
[loading ZipFileIndexFileObject[C:\Program Files\Java\jdk1.8.0_11\lib\ct.sym(META-INF/sym/rt.jar/java/util/EventObject.class)]]
[loading ZipFileIndexFileObject[C:\Program Files\Java\jdk1.8.0_11\lib\ct.sym(META-INF/sym/rt.jar/java/util/Vector.class)]]
[loading ZipFileIndexFileObject[C:\Program Files\Java\jdk1.8.0_11\lib\ct.sym(META-INF/sym/rt.jar/javax/swing/table/AbstractTableModel.class)]]
[loading ZipFileIndexFileObject[C:\Program Files\Java\jdk1.8.0_11\lib\ct.sym(META-INF/sym/rt.jar/javax/swing/table/TableModel.class)]]
[loading ZipFileIndexFileObject[C:\Program Files\Java\jdk1.8.0_11\lib\ct.sym(META-INF/sym/rt.jar/javax/swing/event/TableModelListener.class)]]
[loading ZipFileIndexFileObject[C:\Program Files\Java\jdk1.8.0_11\lib\ct.sym(META-INF/sym/rt.jar/javax/swing/event/TableColumnModelListener.class)]]
[loading ZipFileIndexFileObject[C:\Program Files\Java\jdk1.8.0_11\lib\ct.sym(META-INF/sym/rt.jar/javax/swing/event/ListSelectionListener.class)]]
[loading ZipFileIndexFileObject[C:\Program Files\Java\jdk1.8.0_11\lib\ct.sym(META-INF/sym/rt.jar/javax/swing/event/CellEditorListener.class)]]
[loading ZipFileIndexFileObject[C:\Program Files\Java\jdk1.8.0_11\lib\ct.sym(META-INF/sym/rt.jar/javax/swing/event/RowSorterListener.class)]]
[loading ZipFileIndexFileObject[C:\Program Files\Java\jdk1.8.0_11\lib\ct.sym(META-INF/sym/rt.jar/javax/swing/table/TableColumnModel.class)]]
[loading ZipFileIndexFileObject[C:\Program Files\Java\jdk1.8.0_11\lib\ct.sym(META-INF/sym/rt.jar/javax/swing/table/TableColumn.class)]]
[loading ZipFileIndexFileObject[C:\Program Files\Java\jdk1.8.0_11\lib\ct.sym(META-INF/sym/rt.jar/javax/swing/ScrollPaneConstants.class)]]
[loading ZipFileIndexFileObject[C:\Program Files\Java\jdk1.8.0_11\lib\ct.sym(META-INF/sym/rt.jar/javax/swing/KeyStroke.class)]]
[loading ZipFileIndexFileObject[C:\Program Files\Java\jdk1.8.0_11\lib\ct.sym(META-INF/sym/rt.jar/java/awt/AWTKeyStroke.class)]]
[loading ZipFileIndexFileObject[C:\Program Files\Java\jdk1.8.0_11\lib\ct.sym(META-INF/sym/rt.jar/java/awt/event/KeyEvent.class)]]
[loading ZipFileIndexFileObject[C:\Program Files\Java\jdk1.8.0_11\lib\ct.sym(META-INF/sym/rt.jar/javax/swing/Action.class)]]
[loading ZipFileIndexFileObject[C:\Program Files\Java\jdk1.8.0_11\lib\ct.sym(META-INF/sym/rt.jar/javax/swing/Icon.class)]]
[loading ZipFileIndexFileObject[C:\Program Files\Java\jdk1.8.0_11\lib\ct.sym(META-INF/sym/rt.jar/java/awt/PopupMenu.class)]]
[loading ZipFileIndexFileObject[C:\Program Files\Java\jdk1.8.0_11\lib\ct.sym(META-INF/sym/rt.jar/javax/swing/JSeparator.class)]]
[loading ZipFileIndexFileObject[C:\Program Files\Java\jdk1.8.0_11\lib\ct.sym(META-INF/sym/rt.jar/javax/swing/GroupLayout$Group.class)]]
[loading ZipFileIndexFileObject[C:\Program Files\Java\jdk1.8.0_11\lib\ct.sym(META-INF/sym/rt.jar/java/awt/LayoutManager2.class)]]
[loading ZipFileIndexFileObject[C:\Program Files\Java\jdk1.8.0_11\lib\ct.sym(META-INF/sym/rt.jar/java/awt/LayoutManager.class)]]
[loading ZipFileIndexFileObject[C:\Program Files\Java\jdk1.8.0_11\lib\ct.sym(META-INF/sym/rt.jar/javax/swing/GroupLayout$ParallelGroup.class)]]
[loading ZipFileIndexFileObject[C:\Program Files\Java\jdk1.8.0_11\lib\ct.sym(META-INF/sym/rt.jar/javax/swing/GroupLayout$SequentialGroup.class)]]
[loading ZipFileIndexFileObject[C:\Program Files\Java\jdk1.8.0_11\lib\ct.sym(META-INF/sym/rt.jar/javax/swing/GroupLayout$Spring.class)]]
[loading ZipFileIndexFileObject[C:\Program Files\Java\jdk1.8.0_11\lib\ct.sym(META-INF/sym/rt.jar/java/awt/datatransfer/Clipboard.class)]]
[loading ZipFileIndexFileObject[C:\Program Files\Java\jdk1.8.0_11\lib\ct.sym(META-INF/sym/rt.jar/java/awt/datatransfer/Transferable.class)]]
[loading ZipFileIndexFileObject[C:\Program Files\Java\jdk1.8.0_11\lib\ct.sym(META-INF/sym/rt.jar/java/awt/Image.class)]]
[loading ZipFileIndexFileObject[C:\Program Files\Java\jdk1.8.0_11\lib\ct.sym(META-INF/sym/rt.jar/java/awt/Dimension.class)]]
[loading ZipFileIndexFileObject[C:\Program Files\Java\jdk1.8.0_11\lib\ct.sym(META-INF/sym/rt.jar/java/lang/reflect/GenericDeclaration.class)]]
[loading ZipFileIndexFileObject[C:\Program Files\Java\jdk1.8.0_11\lib\ct.sym(META-INF/sym/rt.jar/java/lang/reflect/AnnotatedElement.class)]]
[loading ZipFileIndexFileObject[C:\Program Files\Java\jdk1.8.0_11\lib\ct.sym(META-INF/sym/rt.jar/java/lang/reflect/Type.class)]]
[loading ZipFileIndexFileObject[C:\Program Files\Java\jdk1.8.0_11\lib\ct.sym(META-INF/sym/rt.jar/java/util/Properties.class)]]
[loading ZipFileIndexFileObject[C:\Program Files\Java\jdk1.8.0_11\lib\ct.sym(META-INF/sym/rt.jar/java/io/Reader.class)]]
[loading ZipFileIndexFileObject[C:\Program Files\Java\jdk1.8.0_11\lib\ct.sym(META-INF/sym/rt.jar/java/util/Hashtable.class)]]
[loading ZipFileIndexFileObject[C:\Program Files\Java\jdk1.8.0_11\lib\ct.sym(META-INF/sym/rt.jar/java/util/Dictionary.class)]]
[loading ZipFileIndexFileObject[C:\Program Files\Java\jdk1.8.0_11\lib\ct.sym(META-INF/sym/rt.jar/java/util/Map.class)]]
[loading ZipFileIndexFileObject[C:\Program Files\Java\jdk1.8.0_11\lib\ct.sym(META-INF/sym/rt.jar/java/lang/Math.class)]]
[loading ZipFileIndexFileObject[C:\Program Files\Java\jdk1.8.0_11\lib\ct.sym(META-INF/sym/rt.jar/java/util/concurrent/ExecutionException.class)]]
[loading ZipFileIndexFileObject[C:\Program Files\Java\jdk1.8.0_11\lib\ct.sym(META-INF/sym/rt.jar/java/util/concurrent/TimeoutException.class)]]
[loading ZipFileIndexFileObject[C:\Program Files\Java\jdk1.8.0_11\lib\ct.sym(META-INF/sym/rt.jar/javax/swing/JRootPane.class)]]
[loading ZipFileIndexFileObject[C:\Program Files\Java\jdk1.8.0_11\lib\ct.sym(META-INF/sym/rt.jar/java/util/Set.class)]]
[wrote RegularFileObject[C:\Windows\Temp\TempJavaBuild_naH7WB\bin\passwordGenerator\windows\JFramePasswordGenerator$1.class]]
[wrote RegularFileObject[C:\Windows\Temp\TempJavaBuild_naH7WB\bin\passwordGenerator\windows\JFramePasswordGenerator$2.class]]
[wrote RegularFileObject[C:\Windows\Temp\TempJavaBuild_naH7WB\bin\passwordGenerator\windows\JFramePasswordGenerator$3.class]]
[wrote RegularFileObject[C:\Windows\Temp\TempJavaBuild_naH7WB\bin\passwordGenerator\windows\JFramePasswordGenerator$4.class]]
[wrote RegularFileObject[C:\Windows\Temp\TempJavaBuild_naH7WB\bin\passwordGenerator\windows\JFramePasswordGenerator$5.class]]
[wrote RegularFileObject[C:\Windows\Temp\TempJavaBuild_naH7WB\bin\passwordGenerator\windows\JFramePasswordGenerator$6.class]]
[wrote RegularFileObject[C:\Windows\Temp\TempJavaBuild_naH7WB\bin\passwordGenerator\windows\JFramePasswordGenerator$7.class]]
[wrote RegularFileObject[C:\Windows\Temp\TempJavaBuild_naH7WB\bin\passwordGenerator\windows\JFramePasswordGenerator$8.class]]
[wrote RegularFileObject[C:\Windows\Temp\TempJavaBuild_naH7WB\bin\passwordGenerator\windows\JFramePasswordGenerator$9.class]]
[wrote RegularFileObject[C:\Windows\Temp\TempJavaBuild_naH7WB\bin\passwordGenerator\windows\JFramePasswordGenerator$10.class]]
[wrote RegularFileObject[C:\Windows\Temp\TempJavaBuild_naH7WB\bin\passwordGenerator\windows\JFramePasswordGenerator$11.class]]
[wrote RegularFileObject[C:\Windows\Temp\TempJavaBuild_naH7WB\bin\passwordGenerator\windows\JFramePasswordGenerator$12.class]]
[wrote RegularFileObject[C:\Windows\Temp\TempJavaBuild_naH7WB\bin\passwordGenerator\windows\JFramePasswordGenerator$13.class]]
[wrote RegularFileObject[C:\Windows\Temp\TempJavaBuild_naH7WB\bin\passwordGenerator\windows\JFramePasswordGenerator$14.class]]
[wrote RegularFileObject[C:\Windows\Temp\TempJavaBuild_naH7WB\bin\passwordGenerator\windows\JFramePasswordGenerator$15.class]]
[wrote RegularFileObject[C:\Windows\Temp\TempJavaBuild_naH7WB\bin\passwordGenerator\windows\JFramePasswordGenerator$16.class]]
[wrote RegularFileObject[C:\Windows\Temp\TempJavaBuild_naH7WB\bin\passwordGenerator\windows\JFramePasswordGenerator$17.class]]
[wrote RegularFileObject[C:\Windows\Temp\TempJavaBuild_naH7WB\bin\passwordGenerator\windows\JFramePasswordGenerator$18.class]]
[wrote RegularFileObject[C:\Windows\Temp\TempJavaBuild_naH7WB\bin\passwordGenerator\windows\JFramePasswordGenerator$19.class]]
[wrote RegularFileObject[C:\Windows\Temp\TempJavaBuild_naH7WB\bin\passwordGenerator\windows\JFramePasswordGenerator$20.class]]
[wrote RegularFileObject[C:\Windows\Temp\TempJavaBuild_naH7WB\bin\passwordGenerator\windows\JFramePasswordGenerator$21.class]]
[wrote RegularFileObject[C:\Windows\Temp\TempJavaBuild_naH7WB\bin\passwordGenerator\windows\JFramePasswordGenerator$22.class]]
[wrote RegularFileObject[C:\Windows\Temp\TempJavaBuild_naH7WB\bin\passwordGenerator\windows\JFramePasswordGenerator$23.class]]
[wrote RegularFileObject[C:\Windows\Temp\TempJavaBuild_naH7WB\bin\passwordGenerator\windows\JFramePasswordGenerator$24.class]]
[wrote RegularFileObject[C:\Windows\Temp\TempJavaBuild_naH7WB\bin\passwordGenerator\windows\JFramePasswordGenerator$25.class]]
[wrote RegularFileObject[C:\Windows\Temp\TempJavaBuild_naH7WB\bin\passwordGenerator\windows\JFramePasswordGenerator$26.class]]
[loading ZipFileIndexFileObject[C:\Program Files\Java\jdk1.8.0_11\lib\ct.sym(META-INF/sym/rt.jar/java/lang/StackTraceElement.class)]]
[wrote RegularFileObject[C:\Windows\Temp\TempJavaBuild_naH7WB\bin\passwordGenerator\windows\JFramePasswordGenerator$27.class]]
[wrote RegularFileObject[C:\Windows\Temp\TempJavaBuild_naH7WB\bin\passwordGenerator\windows\JFramePasswordGenerator$28.class]]
[wrote RegularFileObject[C:\Windows\Temp\TempJavaBuild_naH7WB\bin\passwordGenerator\windows\JFramePasswordGenerator$29.class]]
[wrote RegularFileObject[C:\Windows\Temp\TempJavaBuild_naH7WB\bin\passwordGenerator\windows\JFramePasswordGenerator$30.class]]
[wrote RegularFileObject[C:\Windows\Temp\TempJavaBuild_naH7WB\bin\passwordGenerator\windows\JFramePasswordGenerator$31.class]]
[wrote RegularFileObject[C:\Windows\Temp\TempJavaBuild_naH7WB\bin\passwordGenerator\windows\JFramePasswordGenerator$32.class]]
[wrote RegularFileObject[C:\Windows\Temp\TempJavaBuild_naH7WB\bin\passwordGenerator\windows\JFramePasswordGenerator$33.class]]
[wrote RegularFileObject[C:\Windows\Temp\TempJavaBuild_naH7WB\bin\passwordGenerator\windows\JFramePasswordGenerator$34.class]]
[wrote RegularFileObject[C:\Windows\Temp\TempJavaBuild_naH7WB\bin\passwordGenerator\windows\JFramePasswordGenerator$35.class]]
[loading ZipFileIndexFileObject[C:\Program Files\Java\jdk1.8.0_11\lib\ct.sym(META-INF/sym/rt.jar/java/awt/datatransfer/ClipboardOwner.class)]]
[wrote RegularFileObject[C:\Windows\Temp\TempJavaBuild_naH7WB\bin\passwordGenerator\windows\JFramePasswordGenerator$36.class]]
[wrote RegularFileObject[C:\Windows\Temp\TempJavaBuild_naH7WB\bin\passwordGenerator\windows\JFramePasswordGenerator$workerDeleteAll.class]]
[loading ZipFileIndexFileObject[C:\Program Files\Java\jdk1.8.0_11\lib\ct.sym(META-INF/sym/rt.jar/javax/swing/filechooser/FileFilter.class)]]
[wrote RegularFileObject[C:\Windows\Temp\TempJavaBuild_naH7WB\bin\passwordGenerator\windows\JFramePasswordGenerator$workerExportCsv.class]]
[wrote RegularFileObject[C:\Windows\Temp\TempJavaBuild_naH7WB\bin\passwordGenerator\windows\JFramePasswordGenerator$workerExportTxt.class]]
[wrote RegularFileObject[C:\Windows\Temp\TempJavaBuild_naH7WB\bin\passwordGenerator\windows\JFramePasswordGenerator$workerGenerate.class]]
[wrote RegularFileObject[C:\Windows\Temp\TempJavaBuild_naH7WB\bin\passwordGenerator\windows\JFramePasswordGenerator$workerCheckUpdateSilent.class]]
[wrote RegularFileObject[C:\Windows\Temp\TempJavaBuild_naH7WB\bin\passwordGenerator\windows\JFramePasswordGenerator$workerCheckUpdate.class]]
[wrote RegularFileObject[C:\Windows\Temp\TempJavaBuild_naH7WB\bin\passwordGenerator\windows\JFramePasswordGenerator$workerDeleteSelected.class]]
[wrote RegularFileObject[C:\Windows\Temp\TempJavaBuild_naH7WB\bin\passwordGenerator\windows\JFramePasswordGenerator$workerReloadFrame.class]]
[wrote RegularFileObject[C:\Windows\Temp\TempJavaBuild_naH7WB\bin\passwordGenerator\windows\JFramePasswordGenerator$37.class]]
[wrote RegularFileObject[C:\Windows\Temp\TempJavaBuild_naH7WB\bin\passwordGenerator\windows\JFramePasswordGenerator.class]]
[checking passwordGenerator.windows.JFrameAbout]
[loading ZipFileIndexFileObject[C:\Program Files\Java\jdk1.8.0_11\lib\ct.sym(META-INF/sym/rt.jar/java/lang/SecurityException.class)]]
[loading ZipFileIndexFileObject[C:\Program Files\Java\jdk1.8.0_11\lib\ct.sym(META-INF/sym/rt.jar/java/net/URISyntaxException.class)]]
[wrote RegularFileObject[C:\Windows\Temp\TempJavaBuild_naH7WB\bin\passwordGenerator\windows\JFrameAbout$1.class]]
[wrote RegularFileObject[C:\Windows\Temp\TempJavaBuild_naH7WB\bin\passwordGenerator\windows\JFrameAbout$2.class]]
[wrote RegularFileObject[C:\Windows\Temp\TempJavaBuild_naH7WB\bin\passwordGenerator\windows\JFrameAbout.class]]
[checking passwordGenerator.windows.JFrameChangeLog]
[loading ZipFileIndexFileObject[C:\Program Files\Java\jdk1.8.0_11\lib\ct.sym(META-INF/sym/rt.jar/javax/swing/border/AbstractBorder.class)]]
[loading ZipFileIndexFileObject[C:\Program Files\Java\jdk1.8.0_11\lib\ct.sym(META-INF/sym/rt.jar/javax/swing/border/Border.class)]]
[loading ZipFileIndexFileObject[C:\Program Files\Java\jdk1.8.0_11\lib\ct.sym(META-INF/sym/rt.jar/java/nio/charset/Charset.class)]]
[loading ZipFileIndexFileObject[C:\Program Files\Java\jdk1.8.0_11\lib\ct.sym(META-INF/sym/rt.jar/java/io/UnsupportedEncodingException.class)]]
[wrote RegularFileObject[C:\Windows\Temp\TempJavaBuild_naH7WB\bin\passwordGenerator\windows\JFrameChangeLog$1.class]]
[wrote RegularFileObject[C:\Windows\Temp\TempJavaBuild_naH7WB\bin\passwordGenerator\windows\JFrameChangeLog$2.class]]
[wrote RegularFileObject[C:\Windows\Temp\TempJavaBuild_naH7WB\bin\passwordGenerator\windows\JFrameChangeLog$3.class]]
[wrote RegularFileObject[C:\Windows\Temp\TempJavaBuild_naH7WB\bin\passwordGenerator\windows\JFrameChangeLog$WorkerDownload.class]]
[wrote RegularFileObject[C:\Windows\Temp\TempJavaBuild_naH7WB\bin\passwordGenerator\windows\JFrameChangeLog.class]]
[checking passwordGenerator.windows.JFrameCommandlineHelp]
[loading ZipFileIndexFileObject[C:\Program Files\Java\jdk1.8.0_11\lib\ct.sym(META-INF/sym/rt.jar/javax/swing/JEditorPane.class)]]
[wrote RegularFileObject[C:\Windows\Temp\TempJavaBuild_naH7WB\bin\passwordGenerator\windows\JFrameCommandlineHelp$1.class]]
[wrote RegularFileObject[C:\Windows\Temp\TempJavaBuild_naH7WB\bin\passwordGenerator\windows\JFrameCommandlineHelp.class]]
[checking passwordGenerator.windows.JFrameDownloadUpdate]
[loading ZipFileIndexFileObject[C:\Program Files\Java\jdk1.8.0_11\lib\ct.sym(META-INF/sym/rt.jar/java/io/DataOutput.class)]]
[loading ZipFileIndexFileObject[C:\Program Files\Java\jdk1.8.0_11\lib\ct.sym(META-INF/sym/rt.jar/java/io/DataInput.class)]]
[loading ZipFileIndexFileObject[C:\Program Files\Java\jdk1.8.0_11\lib\ct.sym(META-INF/sym/rt.jar/java/io/FileNotFoundException.class)]]
[wrote RegularFileObject[C:\Windows\Temp\TempJavaBuild_naH7WB\bin\passwordGenerator\windows\JFrameDownloadUpdate$WorkerDownload.class]]
[wrote RegularFileObject[C:\Windows\Temp\TempJavaBuild_naH7WB\bin\passwordGenerator\windows\JFrameDownloadUpdate$1.class]]
[wrote RegularFileObject[C:\Windows\Temp\TempJavaBuild_naH7WB\bin\passwordGenerator\windows\JFrameDownloadUpdate.class]]
[checking passwordGenerator.windows.JFrameMultiHash]
[loading ZipFileIndexFileObject[C:\Program Files\Java\jdk1.8.0_11\lib\ct.sym(META-INF/sym/rt.jar/javax/swing/AbstractSpinnerModel.class)]]
[loading ZipFileIndexFileObject[C:\Program Files\Java\jdk1.8.0_11\lib\ct.sym(META-INF/sym/rt.jar/javax/swing/SpinnerModel.class)]]
[loading ZipFileIndexFileObject[C:\Program Files\Java\jdk1.8.0_11\lib\ct.sym(META-INF/sym/rt.jar/javax/swing/AbstractListModel.class)]]
[loading ZipFileIndexFileObject[C:\Program Files\Java\jdk1.8.0_11\lib\ct.sym(META-INF/sym/rt.jar/javax/swing/ComboBoxModel.class)]]
[loading ZipFileIndexFileObject[C:\Program Files\Java\jdk1.8.0_11\lib\ct.sym(META-INF/sym/rt.jar/javax/swing/ListModel.class)]]
[loading ZipFileIndexFileObject[C:\Program Files\Java\jdk1.8.0_11\lib\ct.sym(META-INF/sym/rt.jar/javax/swing/MutableComboBoxModel.class)]]
[loading ZipFileIndexFileObject[C:\Program Files\Java\jdk1.8.0_11\lib\ct.sym(META-INF/sym/rt.jar/javax/swing/event/ListDataListener.class)]]
[wrote RegularFileObject[C:\Windows\Temp\TempJavaBuild_naH7WB\bin\passwordGenerator\windows\JFrameMultiHash$1.class]]
[wrote RegularFileObject[C:\Windows\Temp\TempJavaBuild_naH7WB\bin\passwordGenerator\windows\JFrameMultiHash$2.class]]
[wrote RegularFileObject[C:\Windows\Temp\TempJavaBuild_naH7WB\bin\passwordGenerator\windows\JFrameMultiHash$workerCalculate.class]]
[wrote RegularFileObject[C:\Windows\Temp\TempJavaBuild_naH7WB\bin\passwordGenerator\windows\JFrameMultiHash$workerCalculateDisplay.class]]
[wrote RegularFileObject[C:\Windows\Temp\TempJavaBuild_naH7WB\bin\passwordGenerator\windows\JFrameMultiHash.class]]
[checking passwordGenerator.windows.JFrameNews]
[wrote RegularFileObject[C:\Windows\Temp\TempJavaBuild_naH7WB\bin\passwordGenerator\windows\JFrameNews$1.class]]
[wrote RegularFileObject[C:\Windows\Temp\TempJavaBuild_naH7WB\bin\passwordGenerator\windows\JFrameNews$2.class]]
[wrote RegularFileObject[C:\Windows\Temp\TempJavaBuild_naH7WB\bin\passwordGenerator\windows\JFrameNews$3.class]]
[wrote RegularFileObject[C:\Windows\Temp\TempJavaBuild_naH7WB\bin\passwordGenerator\windows\JFrameNews$4.class]]
[wrote RegularFileObject[C:\Windows\Temp\TempJavaBuild_naH7WB\bin\passwordGenerator\windows\JFrameNews$WorkerDownload.class]]
[wrote RegularFileObject[C:\Windows\Temp\TempJavaBuild_naH7WB\bin\passwordGenerator\windows\JFrameNews.class]]
[total 1768ms]
Exitcode: 0
