C:\Program Files\Java\jdk1.8.0_11\bin\jar.exe -cvfm C:\Owncloud\Projects\compilenix\java\PasswordGenerator\dist\PasswordGenerator.jar PasswordGenerator\MANIFEST.MF -C PasswordGenerator\bin .
added manifest
adding: passwordGenerator/(in = 0) (out= 0)(stored 0%)
adding: passwordGenerator/FileIO.class(in = 2589) (out= 1299)(deflated 49%)
adding: passwordGenerator/Language.class(in = 10043) (out= 5204)(deflated 48%)
adding: passwordGenerator/Main$Worker.class(in = 2808) (out= 1594)(deflated 43%)
adding: passwordGenerator/Main.class(in = 6332) (out= 3402)(deflated 46%)
adding: passwordGenerator/Password$Hash.class(in = 3109) (out= 1632)(deflated 47%)
adding: passwordGenerator/Password.class(in = 3424) (out= 1788)(deflated 47%)
adding: passwordGenerator/res/(in = 0) (out= 0)(stored 0%)
adding: passwordGenerator/res/Language.ini(in = 4187) (out= 1517)(deflated 63%)
adding: passwordGenerator/threads/(in = 0) (out= 0)(stored 0%)
adding: passwordGenerator/windows/(in = 0) (out= 0)(stored 0%)
adding: passwordGenerator/windows/JFrameAbout$1.class(in = 1486) (out= 732)(deflated 50%)
adding: passwordGenerator/windows/JFrameAbout$2.class(in = 769) (out= 423)(deflated 44%)
adding: passwordGenerator/windows/JFrameAbout.class(in = 5592) (out= 2485)(deflated 55%)
adding: passwordGenerator/windows/JFrameChangeLog$1.class(in = 1157) (out= 651)(deflated 43%)
adding: passwordGenerator/windows/JFrameChangeLog$2.class(in = 794) (out= 426)(deflated 46%)
adding: passwordGenerator/windows/JFrameChangeLog$3.class(in = 1314) (out= 568)(deflated 56%)
adding: passwordGenerator/windows/JFrameChangeLog$WorkerDownload.class(in = 1236) (out= 555)(deflated 55%)
adding: passwordGenerator/windows/JFrameChangeLog.class(in = 9110) (out= 4399)(deflated 51%)
adding: passwordGenerator/windows/JFrameCommandlineHelp$1.class(in = 829) (out= 432)(deflated 47%)
adding: passwordGenerator/windows/JFrameCommandlineHelp.class(in = 4978) (out= 2249)(deflated 54%)
adding: passwordGenerator/windows/JFrameDownloadUpdate$1.class(in = 260) (out= 176)(deflated 32%)
adding: passwordGenerator/windows/JFrameDownloadUpdate$WorkerDownload.class(in = 1286) (out= 553)(deflated 56%)
adding: passwordGenerator/windows/JFrameDownloadUpdate.class(in = 8013) (out= 3800)(deflated 52%)
adding: passwordGenerator/windows/JFrameMultiHash$1.class(in = 992) (out= 476)(deflated 52%)
adding: passwordGenerator/windows/JFrameMultiHash$2.class(in = 1370) (out= 618)(deflated 54%)
adding: passwordGenerator/windows/JFrameMultiHash$workerCalculate.class(in = 3797) (out= 1607)(deflated 57%)
adding: passwordGenerator/windows/JFrameMultiHash$workerCalculateDisplay.class(in = 2679) (out= 1191)(deflated 55%)
adding: passwordGenerator/windows/JFrameMultiHash.class(in = 7621) (out= 3077)(deflated 59%)
adding: passwordGenerator/windows/JFrameNews$1.class(in = 1127) (out= 646)(deflated 42%)
adding: passwordGenerator/windows/JFrameNews$2.class(in = 764) (out= 423)(deflated 44%)
adding: passwordGenerator/windows/JFrameNews$3.class(in = 1254) (out= 558)(deflated 55%)
adding: passwordGenerator/windows/JFrameNews$4.class(in = 885) (out= 481)(deflated 45%)
adding: passwordGenerator/windows/JFrameNews$WorkerDownload.class(in = 1186) (out= 550)(deflated 53%)
adding: passwordGenerator/windows/JFrameNews.class(in = 8925) (out= 4271)(deflated 52%)
adding: passwordGenerator/windows/JFramePasswordGenerator$1.class(in = 1289) (out= 576)(deflated 55%)
adding: passwordGenerator/windows/JFramePasswordGenerator$10.class(in = 1416) (out= 569)(deflated 59%)
adding: passwordGenerator/windows/JFramePasswordGenerator$11.class(in = 1270) (out= 571)(deflated 55%)
adding: passwordGenerator/windows/JFramePasswordGenerator$12.class(in = 1233) (out= 564)(deflated 54%)
adding: passwordGenerator/windows/JFramePasswordGenerator$13.class(in = 1279) (out= 578)(deflated 54%)
adding: passwordGenerator/windows/JFramePasswordGenerator$14.class(in = 1281) (out= 581)(deflated 54%)
adding: passwordGenerator/windows/JFramePasswordGenerator$15.class(in = 1281) (out= 579)(deflated 54%)
adding: passwordGenerator/windows/JFramePasswordGenerator$16.class(in = 1279) (out= 576)(deflated 54%)
adding: passwordGenerator/windows/JFramePasswordGenerator$17.class(in = 1770) (out= 776)(deflated 56%)
adding: passwordGenerator/windows/JFramePasswordGenerator$18.class(in = 1276) (out= 572)(deflated 55%)
adding: passwordGenerator/windows/JFramePasswordGenerator$19.class(in = 1818) (out= 809)(deflated 55%)
adding: passwordGenerator/windows/JFramePasswordGenerator$2.class(in = 1894) (out= 761)(deflated 59%)
adding: passwordGenerator/windows/JFramePasswordGenerator$20.class(in = 1426) (out= 569)(deflated 60%)
adding: passwordGenerator/windows/JFramePasswordGenerator$21.class(in = 1334) (out= 701)(deflated 47%)
adding: passwordGenerator/windows/JFramePasswordGenerator$22.class(in = 972) (out= 472)(deflated 51%)
adding: passwordGenerator/windows/JFramePasswordGenerator$23.class(in = 866) (out= 439)(deflated 49%)
adding: passwordGenerator/windows/JFramePasswordGenerator$24.class(in = 1416) (out= 572)(deflated 59%)
adding: passwordGenerator/windows/JFramePasswordGenerator$25.class(in = 1480) (out= 629)(deflated 57%)
adding: passwordGenerator/windows/JFramePasswordGenerator$26.class(in = 1480) (out= 629)(deflated 57%)
adding: passwordGenerator/windows/JFramePasswordGenerator$27.class(in = 1938) (out= 875)(deflated 54%)
adding: passwordGenerator/windows/JFramePasswordGenerator$28.class(in = 1420) (out= 572)(deflated 59%)
adding: passwordGenerator/windows/JFramePasswordGenerator$29.class(in = 905) (out= 456)(deflated 49%)
adding: passwordGenerator/windows/JFramePasswordGenerator$3.class(in = 1278) (out= 574)(deflated 55%)
adding: passwordGenerator/windows/JFramePasswordGenerator$30.class(in = 904) (out= 454)(deflated 49%)
adding: passwordGenerator/windows/JFramePasswordGenerator$31.class(in = 915) (out= 463)(deflated 49%)
adding: passwordGenerator/windows/JFramePasswordGenerator$32.class(in = 909) (out= 457)(deflated 49%)
adding: passwordGenerator/windows/JFramePasswordGenerator$33.class(in = 910) (out= 458)(deflated 49%)
adding: passwordGenerator/windows/JFramePasswordGenerator$34.class(in = 1416) (out= 574)(deflated 59%)
adding: passwordGenerator/windows/JFramePasswordGenerator$35.class(in = 1414) (out= 573)(deflated 59%)
adding: passwordGenerator/windows/JFramePasswordGenerator$36.class(in = 2048) (out= 991)(deflated 51%)
adding: passwordGenerator/windows/JFramePasswordGenerator$37.class(in = 1279) (out= 628)(deflated 50%)
adding: passwordGenerator/windows/JFramePasswordGenerator$4.class(in = 1895) (out= 770)(deflated 59%)
adding: passwordGenerator/windows/JFramePasswordGenerator$5.class(in = 1281) (out= 579)(deflated 54%)
adding: passwordGenerator/windows/JFramePasswordGenerator$6.class(in = 1412) (out= 568)(deflated 59%)
adding: passwordGenerator/windows/JFramePasswordGenerator$7.class(in = 1276) (out= 574)(deflated 55%)
adding: passwordGenerator/windows/JFramePasswordGenerator$8.class(in = 2803) (out= 1088)(deflated 61%)
adding: passwordGenerator/windows/JFramePasswordGenerator$9.class(in = 1273) (out= 571)(deflated 55%)
adding: passwordGenerator/windows/JFramePasswordGenerator$workerCheckUpdate.class(in = 2137) (out= 926)(deflated 56%)
adding: passwordGenerator/windows/JFramePasswordGenerator$workerCheckUpdateSilent.class(in = 1444) (out= 614)(deflated 57%)
adding: passwordGenerator/windows/JFramePasswordGenerator$workerDeleteAll.class(in = 2722) (out= 1184)(deflated 56%)
adding: passwordGenerator/windows/JFramePasswordGenerator$workerDeleteSelected.class(in = 2707) (out= 1132)(deflated 58%)
adding: passwordGenerator/windows/JFramePasswordGenerator$workerExportCsv.class(in = 6186) (out= 2677)(deflated 56%)
adding: passwordGenerator/windows/JFramePasswordGenerator$workerExportTxt.class(in = 6036) (out= 2655)(deflated 56%)
adding: passwordGenerator/windows/JFramePasswordGenerator$workerGenerate.class(in = 1317) (out= 550)(deflated 58%)
adding: passwordGenerator/windows/JFramePasswordGenerator$workerReloadFrame.class(in = 1326) (out= 552)(deflated 58%)
adding: passwordGenerator/windows/JFramePasswordGenerator.class(in = 34369) (out= 14233)(deflated 58%)
adding: passwordGenerator/windows/res/(in = 0) (out= 0)(stored 0%)
adding: passwordGenerator/windows/res/Password.png(in = 8534) (out= 8539)(deflated 0%)
adding: passwordGenerator/windows/res/reload.png(in = 3312) (out= 3317)(deflated 0%)
adding: passwordGenerator/windows/threads/(in = 0) (out= 0)(stored 0%)
Exitcode: 0
